# JRE version: Java(TM) SE Runtime Environment (8.0_45-b15) (build 1.8.0_45-b15)
# Java VM: Java HotSpot(TM) 64-Bit Server VM (25.45-b02 mixed mode windows-amd64 compressed oops)
Heap:
 PSYoungGen      total 141312K, used 19825K [0x00000000d6180000, 0x00000000df580000, 0x0000000100000000)
  eden space 131072K, 7% used [0x00000000d6180000,0x00000000d6ade8c0,0x00000000de180000)
  from space 10240K, 99% used [0x00000000de180000,0x00000000deb7deb0,0x00000000deb80000)
  to   space 9728K, 0% used [0x00000000dec00000,0x00000000dec00000,0x00000000df580000)
 ParOldGen       total 47616K, used 7976K [0x0000000082400000, 0x0000000085280000, 0x00000000d6180000)
  object space 47616K, 16% used [0x0000000082400000,0x0000000082bca368,0x0000000085280000)
 Metaspace       used 28917K, capacity 31000K, committed 31360K, reserved 1079296K
  class space    used 3741K, capacity 4115K, committed 4224K, reserved 1048576K
GC Heap History (10 events):
Event: 2.975 GC heap before
{Heap before GC invocations=4 (full 0):
 PSYoungGen      total 37888K, used 37868K [0x00000000d6180000, 0x00000000dab80000, 0x0000000100000000)
  eden space 32768K, 100% used [0x00000000d6180000,0x00000000d8180000,0x00000000d8180000)
  from space 5120K, 99% used [0x00000000d8180000,0x00000000d867b1b0,0x00000000d8680000)
  to   space 5120K, 0% used [0x00000000da680000,0x00000000da680000,0x00000000dab80000)
 ParOldGen       total 86016K, used 370K [0x0000000082400000, 0x0000000087800000, 0x00000000d6180000)
  object space 86016K, 0% used [0x0000000082400000,0x000000008245ca88,0x0000000087800000)
 Metaspace       used 14811K, capacity 15440K, committed 15616K, reserved 1062912K
  class space    used 1805K, capacity 1967K, committed 2048K, reserved 1048576K
Event: 2.981 GC heap after
Heap after GC invocations=4 (full 0):
 PSYoungGen      total 70656K, used 5093K [0x00000000d6180000, 0x00000000dab80000, 0x0000000100000000)
  eden space 65536K, 0% used [0x00000000d6180000,0x00000000d6180000,0x00000000da180000)
  from space 5120K, 99% used [0x00000000da680000,0x00000000dab797f0,0x00000000dab80000)
  to   space 5120K, 0% used [0x00000000da180000,0x00000000da180000,0x00000000da680000)
 ParOldGen       total 86016K, used 1699K [0x0000000082400000, 0x0000000087800000, 0x00000000d6180000)
  object space 86016K, 1% used [0x0000000082400000,0x00000000825a8e28,0x0000000087800000)
 Metaspace       used 14811K, capacity 15440K, committed 15616K, reserved 1062912K
  class space    used 1805K, capacity 1967K, committed 2048K, reserved 1048576K
}
Event: 3.316 GC heap before
{Heap before GC invocations=5 (full 0):
 PSYoungGen      total 70656K, used 70617K [0x00000000d6180000, 0x00000000dab80000, 0x0000000100000000)
  eden space 65536K, 99% used [0x00000000d6180000,0x00000000da17cfd8,0x00000000da180000)
  from space 5120K, 99% used [0x00000000da680000,0x00000000dab797f0,0x00000000dab80000)
  to   space 5120K, 0% used [0x00000000da180000,0x00000000da180000,0x00000000da680000)
 ParOldGen       total 86016K, used 1699K [0x0000000082400000, 0x0000000087800000, 0x00000000d6180000)
  object space 86016K, 1% used [0x0000000082400000,0x00000000825a8e28,0x0000000087800000)
 Metaspace       used 19576K, capacity 20376K, committed 20608K, reserved 1067008K
  class space    used 2443K, capacity 2633K, committed 2688K, reserved 1048576K
Event: 3.323 GC heap after
Heap after GC invocations=5 (full 0):
 PSYoungGen      total 70656K, used 5112K [0x00000000d6180000, 0x00000000df680000, 0x0000000100000000)
  eden space 65536K, 0% used [0x00000000d6180000,0x00000000d6180000,0x00000000da180000)
  from space 5120K, 99% used [0x00000000da180000,0x00000000da67e1d0,0x00000000da680000)
  to   space 10752K, 0% used [0x00000000dec00000,0x00000000dec00000,0x00000000df680000)
 ParOldGen       total 86016K, used 5870K [0x0000000082400000, 0x0000000087800000, 0x00000000d6180000)
  object space 86016K, 6% used [0x0000000082400000,0x00000000829bbaf8,0x0000000087800000)
 Metaspace       used 19576K, capacity 20376K, committed 20608K, reserved 1067008K
  class space    used 2443K, capacity 2633K, committed 2688K, reserved 1048576K
}
Event: 3.416 GC heap before
{Heap before GC invocations=6 (full 0):
 PSYoungGen      total 70656K, used 33951K [0x00000000d6180000, 0x00000000df680000, 0x0000000100000000)
  eden space 65536K, 44% used [0x00000000d6180000,0x00000000d7da9b20,0x00000000da180000)
  from space 5120K, 99% used [0x00000000da180000,0x00000000da67e1d0,0x00000000da680000)
  to   space 10752K, 0% used [0x00000000dec00000,0x00000000dec00000,0x00000000df680000)
 ParOldGen       total 86016K, used 5870K [0x0000000082400000, 0x0000000087800000, 0x00000000d6180000)
  object space 86016K, 6% used [0x0000000082400000,0x00000000829bbaf8,0x0000000087800000)
 Metaspace       used 20277K, capacity 21138K, committed 21248K, reserved 1067008K
  class space    used 2514K, capacity 2712K, committed 2816K, reserved 1048576K
Event: 3.423 GC heap after
Heap after GC invocations=6 (full 0):
 PSYoungGen      total 140800K, used 6222K [0x00000000d6180000, 0x00000000df580000, 0x0000000100000000)
  eden space 131072K, 0% used [0x00000000d6180000,0x00000000d6180000,0x00000000de180000)
  from space 9728K, 63% used [0x00000000dec00000,0x00000000df213938,0x00000000df580000)
  to   space 10240K, 0% used [0x00000000de180000,0x00000000de180000,0x00000000deb80000)
 ParOldGen       total 86016K, used 5878K [0x0000000082400000, 0x0000000087800000, 0x00000000d6180000)
  object space 86016K, 6% used [0x0000000082400000,0x00000000829bdaf8,0x0000000087800000)
 Metaspace       used 20277K, capacity 21138K, committed 21248K, reserved 1067008K
  class space    used 2514K, capacity 2712K, committed 2816K, reserved 1048576K
}
Event: 3.423 GC heap before
{Heap before GC invocations=7 (full 1):
 PSYoungGen      total 140800K, used 6222K [0x00000000d6180000, 0x00000000df580000, 0x0000000100000000)
  eden space 131072K, 0% used [0x00000000d6180000,0x00000000d6180000,0x00000000de180000)
  from space 9728K, 63% used [0x00000000dec00000,0x00000000df213938,0x00000000df580000)
  to   space 10240K, 0% used [0x00000000de180000,0x00000000de180000,0x00000000deb80000)
 ParOldGen       total 86016K, used 5878K [0x0000000082400000, 0x0000000087800000, 0x00000000d6180000)
  object space 86016K, 6% used [0x0000000082400000,0x00000000829bdaf8,0x0000000087800000)
 Metaspace       used 20277K, capacity 21138K, committed 21248K, reserved 1067008K
  class space    used 2514K, capacity 2712K, committed 2816K, reserved 1048576K
Event: 3.462 GC heap after
Heap after GC invocations=7 (full 1):
 PSYoungGen      total 140800K, used 0K [0x00000000d6180000, 0x00000000df580000, 0x0000000100000000)
  eden space 131072K, 0% used [0x00000000d6180000,0x00000000d6180000,0x00000000de180000)
  from space 9728K, 0% used [0x00000000dec00000,0x00000000dec00000,0x00000000df580000)
  to   space 10240K, 0% used [0x00000000de180000,0x00000000de180000,0x00000000deb80000)
 ParOldGen       total 47616K, used 6018K [0x0000000082400000, 0x0000000085280000, 0x00000000d6180000)
  object space 47616K, 12% used [0x0000000082400000,0x00000000829e0b40,0x0000000085280000)
 Metaspace       used 20277K, capacity 21138K, committed 21248K, reserved 1067008K
  class space    used 2514K, capacity 2712K, committed 2816K, reserved 1048576K
}
Event: 5.735 GC heap before
{Heap before GC invocations=8 (full 1):
 PSYoungGen      total 140800K, used 131072K [0x00000000d6180000, 0x00000000df580000, 0x0000000100000000)
  eden space 131072K, 100% used [0x00000000d6180000,0x00000000de180000,0x00000000de180000)
  from space 9728K, 0% used [0x00000000dec00000,0x00000000dec00000,0x00000000df580000)
  to   space 10240K, 0% used [0x00000000de180000,0x00000000de180000,0x00000000deb80000)
 ParOldGen       total 47616K, used 6018K [0x0000000082400000, 0x0000000085280000, 0x00000000d6180000)
  object space 47616K, 12% used [0x0000000082400000,0x00000000829e0b40,0x0000000085280000)
 Metaspace       used 27948K, capacity 29926K, committed 30208K, reserved 1075200K
  class space    used 3625K, capacity 3980K, committed 4096K, reserved 1048576K
Event: 5.757 GC heap after
Heap after GC invocations=8 (full 1):
 PSYoungGen      total 141312K, used 10231K [0x00000000d6180000, 0x00000000df580000, 0x0000000100000000)
  eden space 131072K, 0% used [0x00000000d6180000,0x00000000d6180000,0x00000000de180000)
  from space 10240K, 99% used [0x00000000de180000,0x00000000deb7deb0,0x00000000deb80000)
  to   space 9728K, 0% used [0x00000000dec00000,0x00000000dec00000,0x00000000df580000)
 ParOldGen       total 47616K, used 7976K [0x0000000082400000, 0x0000000085280000, 0x00000000d6180000)
  object space 47616K, 16% used [0x0000000082400000,0x0000000082bca368,0x0000000085280000)
 Metaspace       used 27948K, capacity 29926K, committed 30208K, reserved 1075200K
  class space    used 3625K, capacity 3980K, committed 4096K, reserved 1048576K
}

